<?xml version="1.0" encoding="UTF-8"?>
<testsuite xmlns:xsi="http://www.w3.org/2001/XMLSchema-instance" xsi:noNamespaceSchemaLocation="https://maven.apache.org/surefire/maven-surefire-plugin/xsd/surefire-test-report-3.0.xsd" version="3.0" name="adrenaline.weapons.ShockwaveTest" time="0.023" tests="1" errors="0" skipped="0" failures="0">
  <properties>
    <property name="sun.desktop" value="windows"/>
    <property name="awt.toolkit" value="sun.awt.windows.WToolkit"/>
    <property name="java.specification.version" value="11"/>
    <property name="sun.cpu.isalist" value="amd64"/>
    <property name="sun.jnu.encoding" value="Cp1252"/>
    <property name="java.class.path" value="D:\Documents\Git\ing-sw-2019-29\target\test-classes;D:\Documents\Git\ing-sw-2019-29\target\classes;C:\Users\utente hp\.m2\repository\org\junit\jupiter\junit-jupiter-api\5.5.0\junit-jupiter-api-5.5.0.jar;C:\Users\utente hp\.m2\repository\org\apiguardian\apiguardian-api\1.1.0\apiguardian-api-1.1.0.jar;C:\Users\utente hp\.m2\repository\org\opentest4j\opentest4j\1.2.0\opentest4j-1.2.0.jar;C:\Users\utente hp\.m2\repository\org\junit\platform\junit-platform-commons\1.5.0\junit-platform-commons-1.5.0.jar;C:\Users\utente hp\.m2\repository\org\junit\jupiter\junit-jupiter-params\5.4.1\junit-jupiter-params-5.4.1.jar;C:\Users\utente hp\.m2\repository\org\junit\jupiter\junit-jupiter-engine\5.4.1\junit-jupiter-engine-5.4.1.jar;C:\Users\utente hp\.m2\repository\org\junit\platform\junit-platform-engine\1.4.1\junit-platform-engine-1.4.1.jar;"/>
    <property name="java.vm.vendor" value="Oracle Corporation"/>
    <property name="sun.arch.data.model" value="64"/>
    <property name="user.variant" value=""/>
    <property name="java.vendor.url" value="http://java.oracle.com/"/>
    <property name="user.timezone" value="Europe/Berlin"/>
    <property name="java.vm.specification.version" value="11"/>
    <property name="os.name" value="Windows 10"/>
    <property name="sun.java.launcher" value="SUN_STANDARD"/>
    <property name="user.country" value="IT"/>
    <property name="sun.boot.library.path" value="C:\Program Files\Java\jdk-11.0.2\bin"/>
    <property name="sun.java.command" value="C:\Users\utente hp\AppData\Local\Temp\surefire4213451464780016201\surefirebooter9951611329821613732.jar C:\Users\utente hp\AppData\Local\Temp\surefire4213451464780016201 2019-07-05T11-50-52_688-jvmRun1 surefire5502105330150304667tmp surefire_014085425681694222629tmp"/>
    <property name="jdk.debug" value="release"/>
    <property name="surefire.test.class.path" value="D:\Documents\Git\ing-sw-2019-29\target\test-classes;D:\Documents\Git\ing-sw-2019-29\target\classes;C:\Users\utente hp\.m2\repository\org\junit\jupiter\junit-jupiter-api\5.5.0\junit-jupiter-api-5.5.0.jar;C:\Users\utente hp\.m2\repository\org\apiguardian\apiguardian-api\1.1.0\apiguardian-api-1.1.0.jar;C:\Users\utente hp\.m2\repository\org\opentest4j\opentest4j\1.2.0\opentest4j-1.2.0.jar;C:\Users\utente hp\.m2\repository\org\junit\platform\junit-platform-commons\1.5.0\junit-platform-commons-1.5.0.jar;C:\Users\utente hp\.m2\repository\org\junit\jupiter\junit-jupiter-params\5.4.1\junit-jupiter-params-5.4.1.jar;C:\Users\utente hp\.m2\repository\org\junit\jupiter\junit-jupiter-engine\5.4.1\junit-jupiter-engine-5.4.1.jar;C:\Users\utente hp\.m2\repository\org\junit\platform\junit-platform-engine\1.4.1\junit-platform-engine-1.4.1.jar;"/>
    <property name="sun.cpu.endian" value="little"/>
    <property name="user.home" value="C:\Users\utente hp"/>
    <property name="user.language" value="it"/>
    <property name="java.specification.vendor" value="Oracle Corporation"/>
    <property name="java.version.date" value="2019-01-15"/>
    <property name="java.home" value="C:\Program Files\Java\jdk-11.0.2"/>
    <property name="file.separator" value="\"/>
    <property name="basedir" value="D:\Documents\Git\ing-sw-2019-29"/>
    <property name="java.vm.compressedOopsMode" value="32-bit"/>
    <property name="line.separator" value="&#10;"/>
    <property name="java.specification.name" value="Java Platform API Specification"/>
    <property name="java.vm.specification.vendor" value="Oracle Corporation"/>
    <property name="java.awt.graphicsenv" value="sun.awt.Win32GraphicsEnvironment"/>
    <property name="surefire.real.class.path" value="C:\Users\utente hp\AppData\Local\Temp\surefire4213451464780016201\surefirebooter9951611329821613732.jar"/>
    <property name="user.script" value=""/>
    <property name="sun.management.compiler" value="HotSpot 64-Bit Tiered Compilers"/>
    <property name="java.runtime.version" value="11.0.2+9-LTS"/>
    <property name="user.name" value="Leo"/>
    <property name="path.separator" value=";"/>
    <property name="os.version" value="10.0"/>
    <property name="java.runtime.name" value="Java(TM) SE Runtime Environment"/>
    <property name="file.encoding" value="Cp1252"/>
    <property name="java.vm.name" value="Java HotSpot(TM) 64-Bit Server VM"/>
    <property name="java.vendor.version" value="18.9"/>
    <property name="localRepository" value="C:\Users\utente hp\.m2\repository"/>
    <property name="java.vendor.url.bug" value="http://bugreport.java.com/bugreport/"/>
    <property name="java.io.tmpdir" value="C:\Users\UTENTE~1\AppData\Local\Temp\"/>
    <property name="java.version" value="11.0.2"/>
    <property name="user.dir" value="D:\Documents\Git\ing-sw-2019-29"/>
    <property name="os.arch" value="amd64"/>
    <property name="java.vm.specification.name" value="Java Virtual Machine Specification"/>
    <property name="java.awt.printerjob" value="sun.awt.windows.WPrinterJob"/>
    <property name="sun.os.patch.level" value=""/>
    <property name="idea.version2019.1" value="true"/>
    <property name="java.library.path" value="C:\Program Files\Java\jdk-11.0.2\bin;C:\WINDOWS\Sun\Java\bin;C:\WINDOWS\system32;C:\WINDOWS;C:\Program Files\Java\jdk-11.0.2\bin;C:\Program Files (x86)\Intel\iCLS Client\;C:\Program Files\Intel\iCLS Client\;C:\windows\system32;C:\windows;C:\windows\System32\Wbem;C:\windows\System32\WindowsPowerShell\v1.0\;C:\Program Files (x86)\Intel\Intel(R) Management Engine Components\DAL;C:\Program Files\Intel\Intel(R) Management Engine Components\DAL;C:\Program Files (x86)\Intel\Intel(R) Management Engine Components\IPT;C:\Program Files\Intel\Intel(R) Management Engine Components\IPT;C:\Program Files (x86)\NVIDIA Corporation\PhysX\Common;C:\Program Files\Intel\IntelSGXPSW\bin\x64\Release\;C:\Program Files\Intel\IntelSGXPSW\bin\win32\Release\;C:\WINDOWS\system32;C:\WINDOWS;C:\WINDOWS\System32\Wbem;C:\WINDOWS\System32\WindowsPowerShell\v1.0\;C:\WINDOWS\System32\OpenSSH\;C:\Program Files\Git\cmd;C:\Users\utente hp\AppData\Local\Microsoft\WindowsApps;;."/>
    <property name="java.vendor" value="Oracle Corporation"/>
    <property name="java.vm.info" value="mixed mode"/>
    <property name="java.vm.version" value="11.0.2+9-LTS"/>
    <property name="sun.io.unicode.encoding" value="UnicodeLittle"/>
    <property name="java.class.version" value="55.0"/>
  </properties>
  <testcase name="testConstructor" classname="adrenaline.weapons.ShockwaveTest" time="0.021"/>
</testsuite>